<?xml version="1.0" encoding="UTF-8" ?>
<testsuite errors="0" failures="0" hostname="patty" name="bml.realizertest.BMLRealizerHandlerTest" tests="4" time="0.126" timestamp="2013-02-11T16:55:19">
  <properties>
[...]
</properties>
  <testcase classname="bml.realizertest.BMLRealizerHandlerTest" name="assertSyncsInOrderPasses" time="0.062" />
  <testcase classname="bml.realizertest.BMLRealizerHandlerTest" name="assertOnlyTheseSyncsInOrderFailure" time="0.0" />
  <testcase classname="bml.realizertest.BMLRealizerHandlerTest" name="assertOnlyTheseSyncsInOrder" time="0.0" />
  <testcase classname="bml.realizertest.BMLRealizerHandlerTest" name="assertSyncsInOrderFailsWithMissingSync" time="0.001" />
  <system-out><![CDATA[]]></system-out>
  <system-err><![CDATA[]]></system-err>
</testsuite>
